<?xml version="1.0" encoding="UTF-8"?>
<!-- Generated by org.testng.reporters.JUnitXMLReporter -->
<testsuite hostname="MacBook-Air-9.local" failures="0" tests="3" name="Surefire test" time="3.439" errors="0" timestamp="8 Apr 2025 07:32:17 GMT">
  <testcase classname="com.example.apiTest" name="testGetEndpoint" time="3.424"/>
  <testcase classname="com.example.calculateTest" name="testAdd" time="0.001"/>
  <testcase classname="com.example.calculateTest" name="testSubtract" time="0.001"/>
</testsuite> <!-- Surefire test -->
